<?xml version="1.0" encoding="UTF-8"?>
<!-- Generated by org.testng.reporters.JUnitReportReporter -->
<testsuite hostname="LAPTOP-J7H10TOC" failures="0" tests="4" name="dataProvider.Heterogenius_DataType" time="0.009" errors="0" timestamp="2023-08-20T12:58:58 IST" skipped="0">
  <testcase classname="dataProvider.Heterogenius_DataType" name="Heterogenius_DataType_Demo" time="0.001"/>
  <system-out/>
  <testcase classname="dataProvider.Heterogenius_DataType" name="Heterogenius_DataType_Demo" time="0.001"/>
  <system-out/>
  <testcase classname="dataProvider.Heterogenius_DataType" name="Heterogenius_DataType_Demo" time="0.006"/>
  <system-out/>
  <testcase classname="dataProvider.Heterogenius_DataType" name="Heterogenius_DataType_Demo" time="0.001"/>
  <system-out/>
</testsuite> <!-- dataProvider.Heterogenius_DataType -->
