<?xml version="1.0" encoding="UTF-8"?>
<!-- Generated by org.testng.reporters.JUnitReportReporter -->
<testsuite hostname="LAPTOP-J7H10TOC" failures="0" tests="10" name="Anukush_Sir_Class.InvocationCount_Demo" time="0.027" errors="0" timestamp="2023-08-10T23:06:28 IST" skipped="0">
  <testcase classname="Anukush_Sir_Class.InvocationCount_Demo" name="InVo_Demo" time="0.001"/>
  <system-out>
    <![CDATA[hi hello]]>
  </system-out>
  <testcase classname="Anukush_Sir_Class.InvocationCount_Demo" name="InVo_Demo" time="0.014"/>
  <system-out>
    <![CDATA[hi hello]]>
  </system-out>
  <testcase classname="Anukush_Sir_Class.InvocationCount_Demo" name="InVo_Demo" time="0.002"/>
  <system-out>
    <![CDATA[hi hello]]>
  </system-out>
  <testcase classname="Anukush_Sir_Class.InvocationCount_Demo" name="InVo_Demo" time="0.001"/>
  <system-out>
    <![CDATA[hi hello]]>
  </system-out>
  <testcase classname="Anukush_Sir_Class.InvocationCount_Demo" name="InVo_Demo" time="0.002"/>
  <system-out>
    <![CDATA[hi hello]]>
  </system-out>
  <testcase classname="Anukush_Sir_Class.InvocationCount_Demo" name="InVo_Demo" time="0.001"/>
  <system-out>
    <![CDATA[hi hello]]>
  </system-out>
  <testcase classname="Anukush_Sir_Class.InvocationCount_Demo" name="InVo_Demo" time="0.002"/>
  <system-out>
    <![CDATA[hi hello]]>
  </system-out>
  <testcase classname="Anukush_Sir_Class.InvocationCount_Demo" name="InVo_Demo" time="0.001"/>
  <system-out>
    <![CDATA[hi hello]]>
  </system-out>
  <testcase classname="Anukush_Sir_Class.InvocationCount_Demo" name="InVo_Demo" time="0.002"/>
  <system-out>
    <![CDATA[hi hello]]>
  </system-out>
  <testcase classname="Anukush_Sir_Class.InvocationCount_Demo" name="InVo_Demo" time="0.001"/>
  <system-out>
    <![CDATA[hi hello]]>
  </system-out>
</testsuite> <!-- Anukush_Sir_Class.InvocationCount_Demo -->
