<?xml version="1.0" encoding="UTF-8"?>
<!-- Generated by org.testng.reporters.JUnitReportReporter -->
<testsuite hostname="LAPTOP-J7H10TOC" failures="0" tests="3" name="surya_Sir_TNG.Description_Demo" time="0.016" errors="0" timestamp="2023-08-22T21:35:28 IST" skipped="0">
  <testcase classname="surya_Sir_TNG.Description_Demo" name="Forra" time="0.012"/>
  <system-out/>
  <testcase classname="surya_Sir_TNG.Description_Demo" name="Harra" time="0.003"/>
  <system-out/>
  <testcase classname="surya_Sir_TNG.Description_Demo" name="Thara" time="0.001"/>
  <system-out/>
</testsuite> <!-- surya_Sir_TNG.Description_Demo -->
