<?xml version="1.0" encoding="UTF-8"?>
<!-- Generated by org.testng.reporters.JUnitReportReporter -->
<testsuite hostname="LAPTOP-J7H10TOC" failures="0" tests="2" name="dataProvider.DataProvide_Demo" time="0.009" errors="0" timestamp="2023-08-20T12:06:07 IST" skipped="0">
  <testcase classname="dataProvider.DataProvide_Demo" name="validate" time="0.008"/>
  <system-out/>
  <testcase classname="dataProvider.DataProvide_Demo" name="validate" time="0.001"/>
  <system-out/>
</testsuite> <!-- dataProvider.DataProvide_Demo -->
