<?xml version="1.0" encoding="UTF-8"?>
<!-- Generated by org.testng.reporters.JUnitReportReporter -->
<testsuite hostname="LAPTOP-J7H10TOC" failures="0" tests="3" name="TestNGbasics.Description_Demo" time="0.001" errors="0" timestamp="2023-08-08T08:47:08 IST" skipped="2">
  <testcase classname="TestNGbasics.Description_Demo" name="Thara" time="0.001"/>
  <system-out/>
  <testcase classname="TestNGbasics.Description_Demo" name="Forra">
    <skipped/>
  </testcase> <!-- Forra -->
  <system-out/>
  <testcase classname="TestNGbasics.Description_Demo" name="Harra">
    <skipped/>
  </testcase> <!-- Harra -->
  <system-out/>
</testsuite> <!-- TestNGbasics.Description_Demo -->
