<?xml version="1.0" encoding="UTF-8"?>
<!-- Generated by org.testng.reporters.JUnitReportReporter -->
<testsuite hostname="LAPTOP-J7H10TOC" failures="0" tests="1" name="annotation_class.Chrome_Demo" time="6.191" errors="0" timestamp="2023-08-08T08:28:41 IST" skipped="0">
  <testcase classname="annotation_class.Chrome_Demo" name="Fro" time="6.191"/>
  <system-out/>
</testsuite> <!-- annotation_class.Chrome_Demo -->
