<?xml version="1.0" encoding="UTF-8"?>
<!-- Generated by org.testng.reporters.JUnitReportReporter -->
<testsuite hostname="LAPTOP-J7H10TOC" failures="0" tests="3" name="dataProvider.Two_Dimensional_Demo" time="0.008" errors="0" timestamp="2023-08-20T13:26:13 IST" skipped="0">
  <testcase classname="dataProvider.Two_Dimensional_Demo" name="Two_Demo" time="0.001"/>
  <system-out/>
  <testcase classname="dataProvider.Two_Dimensional_Demo" name="Two_Demo" time="0.006"/>
  <system-out/>
  <testcase classname="dataProvider.Two_Dimensional_Demo" name="Two_Demo" time="0.001"/>
  <system-out/>
</testsuite> <!-- dataProvider.Two_Dimensional_Demo -->
