<?xml version="1.0" encoding="UTF-8"?>
<!-- Generated by org.testng.reporters.JUnitReportReporter -->
<testsuite hostname="LAPTOP-J7H10TOC" failures="0" tests="8" name="dP_As_Separate_Class.DataProviderClass" time="0.019" errors="0" timestamp="2023-08-20T19:50:34 IST" skipped="0">
  <testcase classname="dP_As_Separate_Class.DataProviderClass" name="Mana11" time="0.001"/>
  <system-out/>
  <testcase classname="dP_As_Separate_Class.DataProviderClass" name="Mana11" time="0.001"/>
  <system-out/>
  <testcase classname="dP_As_Separate_Class.DataProviderClass" name="Mana11" time="0.002"/>
  <system-out/>
  <testcase classname="dP_As_Separate_Class.DataProviderClass" name="Mana" time="0.008"/>
  <system-out/>
  <testcase classname="dP_As_Separate_Class.DataProviderClass" name="Mana" time="0.002"/>
  <system-out/>
  <testcase classname="dP_As_Separate_Class.DataProviderClass" name="Mana11" time="0.001"/>
  <system-out/>
  <testcase classname="dP_As_Separate_Class.DataProviderClass" name="Mana" time="0.002"/>
  <system-out/>
  <testcase classname="dP_As_Separate_Class.DataProviderClass" name="Mana" time="0.002"/>
  <system-out/>
</testsuite> <!-- dP_As_Separate_Class.DataProviderClass -->
