<?xml version="1.0" encoding="UTF-8"?>
<!-- Generated by org.testng.reporters.JUnitReportReporter -->
<testsuite hostname="LAPTOP-J7H10TOC" failures="0" tests="2" name="dataProvider.DataProvide_Object" time="0.008" errors="0" timestamp="2023-08-20T12:25:08 IST" skipped="0">
  <testcase classname="dataProvider.DataProvide_Object" name="validate" time="0.006"/>
  <system-out/>
  <testcase classname="dataProvider.DataProvide_Object" name="validate" time="0.002"/>
  <system-out/>
</testsuite> <!-- dataProvider.DataProvide_Object -->
