<?xml version="1.0" encoding="UTF-8"?>
<!-- Generated by org.testng.reporters.JUnitReportReporter -->
<testsuite hostname="LAPTOP-J7H10TOC" failures="0" tests="6" name="parallel_Concept.Parallel_Concept" time="26.426" errors="0" timestamp="2023-08-19T12:40:22 IST" skipped="0">
  <testcase classname="parallel_Concept.Parallel_Concept" name="Data3" time="3.542"/>
  <system-out/>
  <testcase classname="parallel_Concept.Parallel_Concept" name="Data2" time="5.261"/>
  <system-out/>
  <testcase classname="parallel_Concept.Parallel_Concept" name="Data2" time="5.270"/>
  <system-out/>
  <testcase classname="parallel_Concept.Parallel_Concept" name="Data2" time="5.211"/>
  <system-out/>
  <testcase classname="parallel_Concept.Parallel_Concept" name="Data3" time="3.448"/>
  <system-out/>
  <testcase classname="parallel_Concept.Parallel_Concept" name="Data3" time="3.694"/>
  <system-out/>
</testsuite> <!-- parallel_Concept.Parallel_Concept -->
