<?xml version="1.0" encoding="UTF-8"?>
<!-- Generated by org.testng.reporters.JUnitReportReporter -->
<testsuite hostname="LAPTOP-J7H10TOC" failures="0" tests="1" name="annotation_class.TestNG_Annotaion" time="0.001" errors="0" timestamp="2023-08-08T08:47:08 IST" skipped="0">
  <testcase classname="annotation_class.TestNG_Annotaion" name="Data" time="0.001"/>
  <system-out/>
</testsuite> <!-- annotation_class.TestNG_Annotaion -->
