<?xml version="1.0" encoding="UTF-8"?>
<!-- Generated by org.testng.reporters.JUnitReportReporter -->
<testsuite hostname="LAPTOP-J7H10TOC" failures="0" tests="3" name="Anukush_Sir_Class.Sample_3" time="0.006" errors="0" timestamp="2023-08-15T13:26:36 IST" skipped="0">
  <testcase classname="Anukush_Sir_Class.Sample_3" name="tc7" time="0.001"/>
  <system-out>
    <![CDATA[from TC7]]>
  </system-out>
  <testcase classname="Anukush_Sir_Class.Sample_3" name="tc8" time="0.002"/>
  <system-out>
    <![CDATA[from TC8]]>
  </system-out>
  <testcase classname="Anukush_Sir_Class.Sample_3" name="tc9" time="0.003"/>
  <system-out>
    <![CDATA[from TC9]]>
  </system-out>
</testsuite> <!-- Anukush_Sir_Class.Sample_3 -->
