<?xml version="1.0" encoding="UTF-8"?>
<!-- Generated by org.testng.reporters.JUnitReportReporter -->
<testsuite hostname="LAPTOP-J7H10TOC" failures="0" tests="4" name="TestNGbasics.Priority_Basic" time="0.003" errors="0" timestamp="2023-08-08T08:47:08 IST" skipped="0">
  <testcase classname="TestNGbasics.Priority_Basic" name="Lokku" time="0.000"/>
  <system-out/>
  <testcase classname="TestNGbasics.Priority_Basic" name="Jakku" time="0.001"/>
  <system-out/>
  <testcase classname="TestNGbasics.Priority_Basic" name="Ravan" time="0.001"/>
  <system-out/>
  <testcase classname="TestNGbasics.Priority_Basic" name="Mahan" time="0.001"/>
  <system-out/>
</testsuite> <!-- TestNGbasics.Priority_Basic -->
