<?xml version="1.0" encoding="UTF-8"?>
<!-- Generated by org.testng.reporters.JUnitReportReporter -->
<testsuite hostname="LAPTOP-J7H10TOC" failures="0" tests="4" name="TestNGbasics.Basic_print" time="0.010" errors="0" timestamp="2023-08-08T08:47:08 IST" skipped="0">
  <testcase classname="TestNGbasics.Basic_print" name="X2" time="0.001"/>
  <system-out/>
  <testcase classname="TestNGbasics.Basic_print" name="X3" time="0.002"/>
  <system-out/>
  <testcase classname="TestNGbasics.Basic_print" name="X4" time="0.002"/>
  <system-out/>
  <testcase classname="TestNGbasics.Basic_print" name="X1" time="0.005"/>
  <system-out/>
</testsuite> <!-- TestNGbasics.Basic_print -->
