<?xml version="1.0" encoding="UTF-8"?>
<!-- Generated by org.testng.reporters.JUnitReportReporter -->
<testsuite hostname="LAPTOP-J7H10TOC" failures="0" tests="3" name="dataProvider.Col_Row_DP" time="0.011" errors="0" timestamp="2023-08-20T14:13:43 IST" skipped="0">
  <testcase classname="dataProvider.Col_Row_DP" name="Liger" time="0.001"/>
  <system-out/>
  <testcase classname="dataProvider.Col_Row_DP" name="Liger" time="0.008"/>
  <system-out/>
  <testcase classname="dataProvider.Col_Row_DP" name="Liger" time="0.002"/>
  <system-out/>
</testsuite> <!-- dataProvider.Col_Row_DP -->
