<?xml version="1.0" encoding="UTF-8"?>
<!-- Generated by org.testng.reporters.JUnitReportReporter -->
<testsuite hostname="LAPTOP-J7H10TOC" failures="0" tests="3" name="dataProvider.Itterator_Collection_DP" time="0.010" errors="0" timestamp="2023-08-20T16:10:01 IST" skipped="0">
  <testcase classname="dataProvider.Itterator_Collection_DP" name="I_C_DP9" time="0.008"/>
  <system-out/>
  <testcase classname="dataProvider.Itterator_Collection_DP" name="I_C_DP9" time="0.001"/>
  <system-out/>
  <testcase classname="dataProvider.Itterator_Collection_DP" name="I_C_DP9" time="0.001"/>
  <system-out/>
</testsuite> <!-- dataProvider.Itterator_Collection_DP -->
