<?xml version="1.0" encoding="UTF-8"?>
<!-- Generated by org.testng.reporters.JUnitReportReporter -->
<testsuite hostname="LAPTOP-J7H10TOC" failures="0" tests="2" name="parameter_testAnnotation.Parameter_Demo" time="6.112" errors="0" timestamp="2023-08-19T12:39:36 IST" skipped="0">
  <testcase classname="parameter_testAnnotation.Parameter_Demo" name="SetUp" time="3.705"/>
  <system-out/>
  <testcase classname="parameter_testAnnotation.Parameter_Demo" name="Demood" time="2.407"/>
  <system-out/>
</testsuite> <!-- parameter_testAnnotation.Parameter_Demo -->
