<?xml version="1.0" encoding="UTF-8"?>
<!-- Generated by org.testng.reporters.JUnitReportReporter -->
<testsuite hostname="LAPTOP-J7H10TOC" failures="0" tests="4" name="TestNGbasics.Prority_Base" time="0.016" errors="0" timestamp="2023-08-02T20:48:36 IST" skipped="0">
  <testcase classname="TestNGbasics.Prority_Base" name="X4" time="0.003"/>
  <system-out/>
  <testcase classname="TestNGbasics.Prority_Base" name="X3" time="0.001"/>
  <system-out/>
  <testcase classname="TestNGbasics.Prority_Base" name="X1" time="0.010"/>
  <system-out/>
  <testcase classname="TestNGbasics.Prority_Base" name="X2" time="0.002"/>
  <system-out/>
</testsuite> <!-- TestNGbasics.Prority_Base -->
