<?xml version="1.0" encoding="UTF-8"?>
<!-- Generated by org.testng.reporters.JUnitReportReporter -->
<testsuite hostname="LAPTOP-J7H10TOC" failures="0" tests="2" name="TestNGbasics.TestNG_Basics" time="12.208" errors="0" timestamp="2023-08-08T08:47:08 IST" skipped="0">
  <testcase classname="TestNGbasics.TestNG_Basics" name="Test2" time="7.297"/>
  <system-out/>
  <testcase classname="TestNGbasics.TestNG_Basics" name="Test1" time="4.911"/>
  <system-out/>
</testsuite> <!-- TestNGbasics.TestNG_Basics -->
