<?xml version="1.0" encoding="UTF-8"?>
<!-- Generated by org.testng.reporters.JUnitReportReporter -->
<testsuite hostname="LAPTOP-J7H10TOC" failures="0" tests="3" name="indices_DP.Indices_DP" time="0.007" errors="0" timestamp="2023-08-20T17:10:08 IST" skipped="0">
  <testcase classname="indices_DP.Indices_DP" name="In_Dp" time="0.001"/>
  <system-out/>
  <testcase classname="indices_DP.Indices_DP" name="In_Dp" time="0.005"/>
  <system-out/>
  <testcase classname="indices_DP.Indices_DP" name="In_Dp" time="0.001"/>
  <system-out/>
</testsuite> <!-- indices_DP.Indices_DP -->
