<?xml version="1.0" encoding="UTF-8"?>
<!-- Generated by org.testng.reporters.JUnitReportReporter -->
<testsuite hostname="LAPTOP-J7H10TOC" failures="0" tests="2" name="annotation_class.Groups_Demo" time="0.012" errors="0" timestamp="2023-08-08T09:26:20 IST" skipped="0">
  <testcase classname="annotation_class.Groups_Demo" name="X3" time="0.001"/>
  <system-out/>
  <testcase classname="annotation_class.Groups_Demo" name="X1" time="0.011"/>
  <system-out/>
</testsuite> <!-- annotation_class.Groups_Demo -->
