<?xml version="1.0" encoding="UTF-8"?>
<!-- Generated by org.testng.reporters.JUnitReportReporter -->
<testsuite hostname="LAPTOP-J7H10TOC" failures="0" tests="7" name="dataProvider.DataProvide_Integer" time="0.013" errors="0" timestamp="2023-08-20T12:36:20 IST" skipped="0">
  <testcase classname="dataProvider.DataProvide_Integer" name="Data_1" time="0.001"/>
  <system-out/>
  <testcase classname="dataProvider.DataProvide_Integer" name="Data_1" time="0.001"/>
  <system-out/>
  <testcase classname="dataProvider.DataProvide_Integer" name="Data_1" time="0.002"/>
  <system-out/>
  <testcase classname="dataProvider.DataProvide_Integer" name="Data_1" time="0.001"/>
  <system-out/>
  <testcase classname="dataProvider.DataProvide_Integer" name="Data_1" time="0.006"/>
  <system-out/>
  <testcase classname="dataProvider.DataProvide_Integer" name="Data_1" time="0.001"/>
  <system-out/>
  <testcase classname="dataProvider.DataProvide_Integer" name="Data_1" time="0.001"/>
  <system-out/>
</testsuite> <!-- dataProvider.DataProvide_Integer -->
